d:\dae\2020_2021\s4\prog4\gameengine\minigin\githubed\tvdengine\x64\release\tvdengine.pch
d:\dae\2020_2021\s4\prog4\gameengine\minigin\githubed\x64\release\tvdengine.pdb
d:\dae\2020_2021\s4\prog4\gameengine\minigin\githubed\tvdengine\x64\release\pch.obj
d:\dae\2020_2021\s4\prog4\gameengine\minigin\githubed\tvdengine\x64\release\tvdengine.obj
d:\dae\2020_2021\s4\prog4\gameengine\minigin\githubed\tvdengine\x64\release\transform.obj
d:\dae\2020_2021\s4\prog4\gameengine\minigin\githubed\tvdengine\x64\release\texture2d.obj
d:\dae\2020_2021\s4\prog4\gameengine\minigin\githubed\tvdengine\x64\release\systemtime.obj
d:\dae\2020_2021\s4\prog4\gameengine\minigin\githubed\tvdengine\x64\release\subject.obj
d:\dae\2020_2021\s4\prog4\gameengine\minigin\githubed\tvdengine\x64\release\scenemanager.obj
d:\dae\2020_2021\s4\prog4\gameengine\minigin\githubed\tvdengine\x64\release\scene.obj
d:\dae\2020_2021\s4\prog4\gameengine\minigin\githubed\tvdengine\x64\release\resourcemanager.obj
d:\dae\2020_2021\s4\prog4\gameengine\minigin\githubed\tvdengine\x64\release\renderer.obj
d:\dae\2020_2021\s4\prog4\gameengine\minigin\githubed\tvdengine\x64\release\inputmanager.obj
d:\dae\2020_2021\s4\prog4\gameengine\minigin\githubed\tvdengine\x64\release\gameobject.obj
d:\dae\2020_2021\s4\prog4\gameengine\minigin\githubed\tvdengine\x64\release\font.obj
d:\dae\2020_2021\s4\prog4\gameengine\minigin\githubed\tvdengine\x64\release\components.obj
d:\dae\2020_2021\s4\prog4\gameengine\minigin\githubed\tvdengine\x64\release\basecommand.obj
d:\dae\2020_2021\s4\prog4\gameengine\minigin\githubed\tvdengine\x64\release\baseanalogtriggercommand.obj
d:\dae\2020_2021\s4\prog4\gameengine\minigin\githubed\tvdengine\x64\release\baseanalogstickcommand.obj
d:\dae\2020_2021\s4\prog4\gameengine\minigin\githubed\x64\release\tvdengine.lib
d:\dae\2020_2021\s4\prog4\gameengine\minigin\githubed\tvdengine\x64\release\tvdengine.tlog\cl.command.1.tlog
d:\dae\2020_2021\s4\prog4\gameengine\minigin\githubed\tvdengine\x64\release\tvdengine.tlog\cl.read.1.tlog
d:\dae\2020_2021\s4\prog4\gameengine\minigin\githubed\tvdengine\x64\release\tvdengine.tlog\cl.write.1.tlog
d:\dae\2020_2021\s4\prog4\gameengine\minigin\githubed\tvdengine\x64\release\tvdengine.tlog\lib-link.read.1.tlog
d:\dae\2020_2021\s4\prog4\gameengine\minigin\githubed\tvdengine\x64\release\tvdengine.tlog\lib-link.write.1.tlog
d:\dae\2020_2021\s4\prog4\gameengine\minigin\githubed\tvdengine\x64\release\tvdengine.tlog\lib.command.1.tlog
