d:\dae\2020_2021\s4\prog4\gameengine\minigin\githubed\minigin\x64\release\qbert.pch
d:\dae\2020_2021\s4\prog4\gameengine\minigin\githubed\minigin\x64\release\vc142.pdb
d:\dae\2020_2021\s4\prog4\gameengine\minigin\githubed\minigin\x64\release\miniginpch.obj
d:\dae\2020_2021\s4\prog4\gameengine\minigin\githubed\minigin\x64\release\scoreobserver.obj
d:\dae\2020_2021\s4\prog4\gameengine\minigin\githubed\minigin\x64\release\qbertscenemanager.obj
d:\dae\2020_2021\s4\prog4\gameengine\minigin\githubed\minigin\x64\release\qbertmovementcomponent.obj
d:\dae\2020_2021\s4\prog4\gameengine\minigin\githubed\minigin\x64\release\minigin.obj
d:\dae\2020_2021\s4\prog4\gameengine\minigin\githubed\minigin\x64\release\main.obj
d:\dae\2020_2021\s4\prog4\gameengine\minigin\githubed\minigin\x64\release\livesobserver.obj
d:\dae\2020_2021\s4\prog4\gameengine\minigin\githubed\minigin\x64\release\levelfilereader.obj
d:\dae\2020_2021\s4\prog4\gameengine\minigin\githubed\minigin\x64\release\levelcomponent.obj
d:\dae\2020_2021\s4\prog4\gameengine\minigin\githubed\minigin\x64\release\enemymovementcomponent.obj
d:\dae\2020_2021\s4\prog4\gameengine\minigin\githubed\minigin\x64\release\enemymanager.obj
d:\dae\2020_2021\s4\prog4\gameengine\minigin\githubed\minigin\x64\release\discplatform.obj
d:\dae\2020_2021\s4\prog4\gameengine\minigin\githubed\minigin\x64\release\cubeplatform.obj
d:\dae\2020_2021\s4\prog4\gameengine\minigin\githubed\minigin\x64\release\collisioncheckmanager.obj
d:\dae\2020_2021\s4\prog4\gameengine\minigin\githubed\minigin\x64\release\basemovementcomponent.obj
d:\dae\2020_2021\s4\prog4\gameengine\minigin\githubed\minigin\x64\release\audioserviceprovider.obj
d:\dae\2020_2021\s4\prog4\gameengine\minigin\githubed\x64\release\qbert.exe
d:\dae\2020_2021\s4\prog4\gameengine\minigin\githubed\minigin\x64\release\qbert.ipdb
d:\dae\2020_2021\s4\prog4\gameengine\minigin\githubed\minigin\x64\release\qbert.iobj
d:\dae\2020_2021\s4\prog4\gameengine\minigin\githubed\x64\release\qbert.pdb
d:\dae\2020_2021\s4\prog4\gameengine\minigin\githubed\x64\release\qbert.lib
d:\dae\2020_2021\s4\prog4\gameengine\minigin\githubed\x64\release\qbert.exp
d:\dae\2020_2021\s4\prog4\gameengine\minigin\githubed\minigin\x64\release\qbert.tlog\cl.command.1.tlog
d:\dae\2020_2021\s4\prog4\gameengine\minigin\githubed\minigin\x64\release\qbert.tlog\cl.read.1.tlog
d:\dae\2020_2021\s4\prog4\gameengine\minigin\githubed\minigin\x64\release\qbert.tlog\cl.write.1.tlog
d:\dae\2020_2021\s4\prog4\gameengine\minigin\githubed\minigin\x64\release\qbert.tlog\link.command.1.tlog
d:\dae\2020_2021\s4\prog4\gameengine\minigin\githubed\minigin\x64\release\qbert.tlog\link.read.1.tlog
d:\dae\2020_2021\s4\prog4\gameengine\minigin\githubed\minigin\x64\release\qbert.tlog\link.write.1.tlog
d:\dae\2020_2021\s4\prog4\gameengine\minigin\githubed\minigin\x64\release\qbert.tlog\qbert.write.1u.tlog
