  Components.cpp
  GameObject.cpp
  InputManager.cpp
  LivesObserver.cpp
  Minigin.cpp
  Playfield.cpp
  Scene.cpp
  SceneManager.cpp
  ScoreObserver.cpp
  Subject.cpp
  Generating Code...
     Creating library D:\DAE\2020_2021\S4\Prog4\GameEngine\Minigin\GameEngineDAE\x64\Debug\Minigin.lib and object D:\DAE\2020_2021\S4\Prog4\GameEngine\Minigin\GameEngineDAE\x64\Debug\Minigin.exp
  Minigin.vcxproj -> D:\DAE\2020_2021\S4\Prog4\GameEngine\Minigin\GameEngineDAE\x64\Debug\Minigin.exe
  D:\DAE\2020_2021\S4\Prog4\GameEngine\Minigin\GameEngineDAE\3rdParty\SDL2\lib\x64\SDL2.dll
  Скопировано файлов: 1.
  D:\DAE\2020_2021\S4\Prog4\GameEngine\Minigin\GameEngineDAE\3rdParty\SDL2_image\lib\x64\libjpeg-9.dll
  D:\DAE\2020_2021\S4\Prog4\GameEngine\Minigin\GameEngineDAE\3rdParty\SDL2_image\lib\x64\libpng16-16.dll
  D:\DAE\2020_2021\S4\Prog4\GameEngine\Minigin\GameEngineDAE\3rdParty\SDL2_image\lib\x64\libtiff-5.dll
  D:\DAE\2020_2021\S4\Prog4\GameEngine\Minigin\GameEngineDAE\3rdParty\SDL2_image\lib\x64\libwebp-7.dll
  D:\DAE\2020_2021\S4\Prog4\GameEngine\Minigin\GameEngineDAE\3rdParty\SDL2_image\lib\x64\SDL2_image.dll
  D:\DAE\2020_2021\S4\Prog4\GameEngine\Minigin\GameEngineDAE\3rdParty\SDL2_image\lib\x64\zlib1.dll
  Скопировано файлов: 6.
  D:\DAE\2020_2021\S4\Prog4\GameEngine\Minigin\GameEngineDAE\3rdParty\SDL2_ttf\lib\x64\libfreetype-6.dll
  D:\DAE\2020_2021\S4\Prog4\GameEngine\Minigin\GameEngineDAE\3rdParty\SDL2_ttf\lib\x64\SDL2_ttf.dll
  Скопировано файлов: 2.
  D:\DAE\2020_2021\S4\Prog4\GameEngine\Minigin\GameEngineDAE\3rdParty\SDL2_Mixer\lib\x64\libFLAC-8.dll
  D:\DAE\2020_2021\S4\Prog4\GameEngine\Minigin\GameEngineDAE\3rdParty\SDL2_Mixer\lib\x64\libmodplug-1.dll
  D:\DAE\2020_2021\S4\Prog4\GameEngine\Minigin\GameEngineDAE\3rdParty\SDL2_Mixer\lib\x64\libmpg123-0.dll
  D:\DAE\2020_2021\S4\Prog4\GameEngine\Minigin\GameEngineDAE\3rdParty\SDL2_Mixer\lib\x64\libogg-0.dll
  D:\DAE\2020_2021\S4\Prog4\GameEngine\Minigin\GameEngineDAE\3rdParty\SDL2_Mixer\lib\x64\libopus-0.dll
  D:\DAE\2020_2021\S4\Prog4\GameEngine\Minigin\GameEngineDAE\3rdParty\SDL2_Mixer\lib\x64\libopusfile-0.dll
  D:\DAE\2020_2021\S4\Prog4\GameEngine\Minigin\GameEngineDAE\3rdParty\SDL2_Mixer\lib\x64\libvorbis-0.dll
  D:\DAE\2020_2021\S4\Prog4\GameEngine\Minigin\GameEngineDAE\3rdParty\SDL2_Mixer\lib\x64\libvorbisfile-3.dll
  D:\DAE\2020_2021\S4\Prog4\GameEngine\Minigin\GameEngineDAE\3rdParty\SDL2_Mixer\lib\x64\SDL2_mixer.dll
  Скопировано файлов: 9.
