d:\dae\2020_2021\s4\prog4\gameengine\minigin\gameenginedae — копия\minigin\x64\debug\qbert.pch
d:\dae\2020_2021\s4\prog4\gameengine\minigin\gameenginedae — копия\minigin\x64\debug\vc142.pdb
d:\dae\2020_2021\s4\prog4\gameengine\minigin\gameenginedae — копия\minigin\x64\debug\vc142.idb
d:\dae\2020_2021\s4\prog4\gameengine\minigin\gameenginedae — копия\minigin\x64\debug\miniginpch.obj
d:\dae\2020_2021\s4\prog4\gameengine\minigin\gameenginedae — копия\minigin\x64\debug\scoreobserver.obj
d:\dae\2020_2021\s4\prog4\gameengine\minigin\gameenginedae — копия\minigin\x64\debug\movementcomponent.obj
d:\dae\2020_2021\s4\prog4\gameengine\minigin\gameenginedae — копия\minigin\x64\debug\minigin.obj
d:\dae\2020_2021\s4\prog4\gameengine\minigin\gameenginedae — копия\minigin\x64\debug\main.obj
d:\dae\2020_2021\s4\prog4\gameengine\minigin\gameenginedae — копия\minigin\x64\debug\livesobserver.obj
d:\dae\2020_2021\s4\prog4\gameengine\minigin\gameenginedae — копия\minigin\x64\debug\levelcomponent.obj
d:\dae\2020_2021\s4\prog4\gameengine\minigin\gameenginedae — копия\minigin\x64\debug\cubeplatform.obj
d:\dae\2020_2021\s4\prog4\gameengine\minigin\gameenginedae — копия\minigin\x64\debug\audioserviceprovider.obj
d:\dae\2020_2021\s4\prog4\gameengine\minigin\gameenginedae_v2\minigin\x64\debug\qbert.pch
d:\dae\2020_2021\s4\prog4\gameengine\minigin\gameenginedae_v2\minigin\x64\debug\vc142.pdb
d:\dae\2020_2021\s4\prog4\gameengine\minigin\gameenginedae_v2\minigin\x64\debug\vc142.idb
d:\dae\2020_2021\s4\prog4\gameengine\minigin\gameenginedae_v2\minigin\x64\debug\miniginpch.obj
d:\dae\2020_2021\s4\prog4\gameengine\minigin\gameenginedae_v2\minigin\x64\debug\scoreobserver.obj
d:\dae\2020_2021\s4\prog4\gameengine\minigin\gameenginedae_v2\minigin\x64\debug\movementcomponent.obj
d:\dae\2020_2021\s4\prog4\gameengine\minigin\gameenginedae_v2\minigin\x64\debug\minigin.obj
d:\dae\2020_2021\s4\prog4\gameengine\minigin\gameenginedae_v2\minigin\x64\debug\main.obj
d:\dae\2020_2021\s4\prog4\gameengine\minigin\gameenginedae_v2\minigin\x64\debug\livesobserver.obj
d:\dae\2020_2021\s4\prog4\gameengine\minigin\gameenginedae_v2\minigin\x64\debug\levelcomponent.obj
d:\dae\2020_2021\s4\prog4\gameengine\minigin\gameenginedae_v2\minigin\x64\debug\cubeplatform.obj
d:\dae\2020_2021\s4\prog4\gameengine\minigin\gameenginedae_v2\minigin\x64\debug\audioserviceprovider.obj
d:\dae\2020_2021\s4\prog4\gameengine\minigin\gameenginedae — копия\x64\debug\qbert.ilk
d:\dae\2020_2021\s4\prog4\gameengine\minigin\gameenginedae — копия\x64\debug\qbert.exe
d:\dae\2020_2021\s4\prog4\gameengine\minigin\gameenginedae — копия\x64\debug\qbert.pdb
d:\dae\2020_2021\s4\prog4\gameengine\minigin\gameenginedae_v2\x64\debug\qbert.exe
d:\dae\2020_2021\s4\prog4\gameengine\minigin\gameenginedae_v2\x64\debug\qbert.ilk
d:\dae\2020_2021\s4\prog4\gameengine\minigin\gameenginedae_v2\x64\debug\qbert.pdb
d:\dae\2020_2021\s4\prog4\gameengine\minigin\gameenginedae — копия\x64\debug\qbert.lib
d:\dae\2020_2021\s4\prog4\gameengine\minigin\gameenginedae — копия\x64\debug\qbert.exp
d:\dae\2020_2021\s4\prog4\gameengine\minigin\gameenginedae_v2\x64\debug\qbert.lib
d:\dae\2020_2021\s4\prog4\gameengine\minigin\gameenginedae_v2\x64\debug\qbert.exp
d:\dae\2020_2021\s4\prog4\gameengine\minigin\githubed\minigin\x64\debug\audioserviceprovider.obj
d:\dae\2020_2021\s4\prog4\gameengine\minigin\githubed\minigin\x64\debug\cubeplatform.obj
d:\dae\2020_2021\s4\prog4\gameengine\minigin\githubed\minigin\x64\debug\levelcomponent.obj
d:\dae\2020_2021\s4\prog4\gameengine\minigin\githubed\minigin\x64\debug\livesobserver.obj
d:\dae\2020_2021\s4\prog4\gameengine\minigin\githubed\minigin\x64\debug\main.obj
d:\dae\2020_2021\s4\prog4\gameengine\minigin\githubed\minigin\x64\debug\minigin.obj
d:\dae\2020_2021\s4\prog4\gameengine\minigin\githubed\minigin\x64\debug\miniginpch.obj
d:\dae\2020_2021\s4\prog4\gameengine\minigin\githubed\minigin\x64\debug\movementcomponent.obj
d:\dae\2020_2021\s4\prog4\gameengine\minigin\githubed\minigin\x64\debug\scoreobserver.obj
d:\dae\2020_2021\s4\prog4\gameengine\minigin\githubed\minigin\x64\debug\qbert.pch
d:\dae\2020_2021\s4\prog4\gameengine\minigin\githubed\minigin\x64\debug\vc142.idb
d:\dae\2020_2021\s4\prog4\gameengine\minigin\githubed\minigin\x64\debug\vc142.pdb
d:\dae\2020_2021\s4\prog4\gameengine\minigin\githubed\x64\debug\qbert.pdb
d:\dae\2020_2021\s4\prog4\gameengine\minigin\githubed\x64\debug\qbert.exe
d:\dae\2020_2021\s4\prog4\gameengine\minigin\githubed\x64\debug\qbert.ilk
d:\dae\2020_2021\s4\prog4\gameengine\minigin\githubed\minigin\x64\debug\qbert.tlog\cl.command.1.tlog
d:\dae\2020_2021\s4\prog4\gameengine\minigin\githubed\minigin\x64\debug\qbert.tlog\cl.read.1.tlog
d:\dae\2020_2021\s4\prog4\gameengine\minigin\githubed\minigin\x64\debug\qbert.tlog\cl.write.1.tlog
d:\dae\2020_2021\s4\prog4\gameengine\minigin\githubed\minigin\x64\debug\qbert.tlog\link.command.1.tlog
d:\dae\2020_2021\s4\prog4\gameengine\minigin\githubed\minigin\x64\debug\qbert.tlog\link.read.1.tlog
d:\dae\2020_2021\s4\prog4\gameengine\minigin\githubed\minigin\x64\debug\qbert.tlog\link.write.1.tlog
d:\dae\2020_2021\s4\prog4\gameengine\minigin\githubed\minigin\x64\debug\qbert.tlog\qbert.write.1u.tlog
