d:\dae\2020_2021\s4\prog4\gameengine\minigin\gameenginedae — копия\tvdengine\x64\debug\tvdengine.pch
d:\dae\2020_2021\s4\prog4\gameengine\minigin\gameenginedae — копия\x64\debug\tvdengine.pdb
d:\dae\2020_2021\s4\prog4\gameengine\minigin\gameenginedae — копия\x64\debug\tvdengine.idb
d:\dae\2020_2021\s4\prog4\gameengine\minigin\gameenginedae — копия\tvdengine\x64\debug\pch.obj
d:\dae\2020_2021\s4\prog4\gameengine\minigin\gameenginedae — копия\tvdengine\x64\debug\tvdengine.obj
d:\dae\2020_2021\s4\prog4\gameengine\minigin\gameenginedae — копия\tvdengine\x64\debug\transform.obj
d:\dae\2020_2021\s4\prog4\gameengine\minigin\gameenginedae — копия\tvdengine\x64\debug\texture2d.obj
d:\dae\2020_2021\s4\prog4\gameengine\minigin\gameenginedae — копия\tvdengine\x64\debug\systemtime.obj
d:\dae\2020_2021\s4\prog4\gameengine\minigin\gameenginedae — копия\tvdengine\x64\debug\subject.obj
d:\dae\2020_2021\s4\prog4\gameengine\minigin\gameenginedae — копия\tvdengine\x64\debug\scenemanager.obj
d:\dae\2020_2021\s4\prog4\gameengine\minigin\gameenginedae — копия\tvdengine\x64\debug\scene.obj
d:\dae\2020_2021\s4\prog4\gameengine\minigin\gameenginedae — копия\tvdengine\x64\debug\resourcemanager.obj
d:\dae\2020_2021\s4\prog4\gameengine\minigin\gameenginedae — копия\tvdengine\x64\debug\renderer.obj
d:\dae\2020_2021\s4\prog4\gameengine\minigin\gameenginedae — копия\tvdengine\x64\debug\inputmanager.obj
d:\dae\2020_2021\s4\prog4\gameengine\minigin\gameenginedae — копия\tvdengine\x64\debug\gameobject.obj
d:\dae\2020_2021\s4\prog4\gameengine\minigin\gameenginedae — копия\tvdengine\x64\debug\font.obj
d:\dae\2020_2021\s4\prog4\gameengine\minigin\gameenginedae — копия\tvdengine\x64\debug\components.obj
d:\dae\2020_2021\s4\prog4\gameengine\minigin\gameenginedae — копия\tvdengine\x64\debug\basecommand.obj
d:\dae\2020_2021\s4\prog4\gameengine\minigin\gameenginedae — копия\tvdengine\x64\debug\baseanalogtriggercommand.obj
d:\dae\2020_2021\s4\prog4\gameengine\minigin\gameenginedae — копия\tvdengine\x64\debug\baseanalogstickcommand.obj
d:\dae\2020_2021\s4\prog4\gameengine\minigin\gameenginedae_v2\tvdengine\x64\debug\tvdengine.pch
d:\dae\2020_2021\s4\prog4\gameengine\minigin\gameenginedae_v2\x64\debug\tvdengine.pdb
d:\dae\2020_2021\s4\prog4\gameengine\minigin\gameenginedae_v2\x64\debug\tvdengine.idb
d:\dae\2020_2021\s4\prog4\gameengine\minigin\gameenginedae_v2\tvdengine\x64\debug\pch.obj
d:\dae\2020_2021\s4\prog4\gameengine\minigin\gameenginedae_v2\tvdengine\x64\debug\tvdengine.obj
d:\dae\2020_2021\s4\prog4\gameengine\minigin\gameenginedae_v2\tvdengine\x64\debug\transform.obj
d:\dae\2020_2021\s4\prog4\gameengine\minigin\gameenginedae_v2\tvdengine\x64\debug\texture2d.obj
d:\dae\2020_2021\s4\prog4\gameengine\minigin\gameenginedae_v2\tvdengine\x64\debug\systemtime.obj
d:\dae\2020_2021\s4\prog4\gameengine\minigin\gameenginedae_v2\tvdengine\x64\debug\subject.obj
d:\dae\2020_2021\s4\prog4\gameengine\minigin\gameenginedae_v2\tvdengine\x64\debug\scenemanager.obj
d:\dae\2020_2021\s4\prog4\gameengine\minigin\gameenginedae_v2\tvdengine\x64\debug\scene.obj
d:\dae\2020_2021\s4\prog4\gameengine\minigin\gameenginedae_v2\tvdengine\x64\debug\resourcemanager.obj
d:\dae\2020_2021\s4\prog4\gameengine\minigin\gameenginedae_v2\tvdengine\x64\debug\renderer.obj
d:\dae\2020_2021\s4\prog4\gameengine\minigin\gameenginedae_v2\tvdengine\x64\debug\inputmanager.obj
d:\dae\2020_2021\s4\prog4\gameengine\minigin\gameenginedae_v2\tvdengine\x64\debug\gameobject.obj
d:\dae\2020_2021\s4\prog4\gameengine\minigin\gameenginedae_v2\tvdengine\x64\debug\font.obj
d:\dae\2020_2021\s4\prog4\gameengine\minigin\gameenginedae_v2\tvdengine\x64\debug\components.obj
d:\dae\2020_2021\s4\prog4\gameengine\minigin\gameenginedae_v2\tvdengine\x64\debug\basecommand.obj
d:\dae\2020_2021\s4\prog4\gameengine\minigin\gameenginedae_v2\tvdengine\x64\debug\baseanalogtriggercommand.obj
d:\dae\2020_2021\s4\prog4\gameengine\minigin\gameenginedae_v2\tvdengine\x64\debug\baseanalogstickcommand.obj
d:\dae\2020_2021\s4\prog4\gameengine\minigin\gameenginedae — копия\x64\debug\tvdengine.lib
d:\dae\2020_2021\s4\prog4\gameengine\minigin\gameenginedae_v2\x64\debug\tvdengine.lib
d:\dae\2020_2021\s4\prog4\gameengine\minigin\githubed\tvdengine\x64\debug\baseanalogstickcommand.obj
d:\dae\2020_2021\s4\prog4\gameengine\minigin\githubed\tvdengine\x64\debug\baseanalogtriggercommand.obj
d:\dae\2020_2021\s4\prog4\gameengine\minigin\githubed\tvdengine\x64\debug\basecommand.obj
d:\dae\2020_2021\s4\prog4\gameengine\minigin\githubed\tvdengine\x64\debug\components.obj
d:\dae\2020_2021\s4\prog4\gameengine\minigin\githubed\tvdengine\x64\debug\font.obj
d:\dae\2020_2021\s4\prog4\gameengine\minigin\githubed\tvdengine\x64\debug\gameobject.obj
d:\dae\2020_2021\s4\prog4\gameengine\minigin\githubed\tvdengine\x64\debug\inputmanager.obj
d:\dae\2020_2021\s4\prog4\gameengine\minigin\githubed\tvdengine\x64\debug\pch.obj
d:\dae\2020_2021\s4\prog4\gameengine\minigin\githubed\tvdengine\x64\debug\renderer.obj
d:\dae\2020_2021\s4\prog4\gameengine\minigin\githubed\tvdengine\x64\debug\resourcemanager.obj
d:\dae\2020_2021\s4\prog4\gameengine\minigin\githubed\tvdengine\x64\debug\scene.obj
d:\dae\2020_2021\s4\prog4\gameengine\minigin\githubed\tvdengine\x64\debug\scenemanager.obj
d:\dae\2020_2021\s4\prog4\gameengine\minigin\githubed\tvdengine\x64\debug\subject.obj
d:\dae\2020_2021\s4\prog4\gameengine\minigin\githubed\tvdengine\x64\debug\systemtime.obj
d:\dae\2020_2021\s4\prog4\gameengine\minigin\githubed\tvdengine\x64\debug\texture2d.obj
d:\dae\2020_2021\s4\prog4\gameengine\minigin\githubed\tvdengine\x64\debug\transform.obj
d:\dae\2020_2021\s4\prog4\gameengine\minigin\githubed\tvdengine\x64\debug\tvdengine.obj
d:\dae\2020_2021\s4\prog4\gameengine\minigin\githubed\tvdengine\x64\debug\tvdengine.pch
d:\dae\2020_2021\s4\prog4\gameengine\minigin\githubed\x64\debug\tvdengine.pdb
d:\dae\2020_2021\s4\prog4\gameengine\minigin\githubed\x64\debug\tvdengine.lib
d:\dae\2020_2021\s4\prog4\gameengine\minigin\githubed\tvdengine\x64\debug\tvdengine.tlog\cl.command.1.tlog
d:\dae\2020_2021\s4\prog4\gameengine\minigin\githubed\tvdengine\x64\debug\tvdengine.tlog\cl.read.1.tlog
d:\dae\2020_2021\s4\prog4\gameengine\minigin\githubed\tvdengine\x64\debug\tvdengine.tlog\cl.write.1.tlog
d:\dae\2020_2021\s4\prog4\gameengine\minigin\githubed\tvdengine\x64\debug\tvdengine.tlog\lib-link.read.1.tlog
d:\dae\2020_2021\s4\prog4\gameengine\minigin\githubed\tvdengine\x64\debug\tvdengine.tlog\lib-link.write.1.tlog
d:\dae\2020_2021\s4\prog4\gameengine\minigin\githubed\tvdengine\x64\debug\tvdengine.tlog\lib.command.1.tlog
