d:\dae\2020_2021\s4\prog4\gameengine\minigin\githubed\minigin\win32\debug\qbert.pch
d:\dae\2020_2021\s4\prog4\gameengine\minigin\githubed\minigin\win32\debug\vc142.pdb
d:\dae\2020_2021\s4\prog4\gameengine\minigin\githubed\minigin\win32\debug\vc142.idb
d:\dae\2020_2021\s4\prog4\gameengine\minigin\githubed\minigin\win32\debug\miniginpch.obj
d:\dae\2020_2021\s4\prog4\gameengine\minigin\githubed\minigin\win32\debug\scoreobserver.obj
d:\dae\2020_2021\s4\prog4\gameengine\minigin\githubed\minigin\win32\debug\qbertscenemanager.obj
d:\dae\2020_2021\s4\prog4\gameengine\minigin\githubed\minigin\win32\debug\qbertmovementcomponent.obj
d:\dae\2020_2021\s4\prog4\gameengine\minigin\githubed\minigin\win32\debug\minigin.obj
d:\dae\2020_2021\s4\prog4\gameengine\minigin\githubed\minigin\win32\debug\main.obj
d:\dae\2020_2021\s4\prog4\gameengine\minigin\githubed\minigin\win32\debug\livesobserver.obj
d:\dae\2020_2021\s4\prog4\gameengine\minigin\githubed\minigin\win32\debug\levelfilereader.obj
d:\dae\2020_2021\s4\prog4\gameengine\minigin\githubed\minigin\win32\debug\levelcomponent.obj
d:\dae\2020_2021\s4\prog4\gameengine\minigin\githubed\minigin\win32\debug\enemymovementcomponent.obj
d:\dae\2020_2021\s4\prog4\gameengine\minigin\githubed\minigin\win32\debug\enemymanager.obj
d:\dae\2020_2021\s4\prog4\gameengine\minigin\githubed\minigin\win32\debug\discplatform.obj
d:\dae\2020_2021\s4\prog4\gameengine\minigin\githubed\minigin\win32\debug\cubeplatform.obj
d:\dae\2020_2021\s4\prog4\gameengine\minigin\githubed\minigin\win32\debug\collisioncheckmanager.obj
d:\dae\2020_2021\s4\prog4\gameengine\minigin\githubed\minigin\win32\debug\basemovementcomponent.obj
d:\dae\2020_2021\s4\prog4\gameengine\minigin\githubed\minigin\win32\debug\audioserviceprovider.obj
d:\dae\2020_2021\s4\prog4\gameengine\minigin\githubed\win32\debug\qbert.ilk
d:\dae\2020_2021\s4\prog4\gameengine\minigin\githubed\win32\debug\qbert.exe
d:\dae\2020_2021\s4\prog4\gameengine\minigin\githubed\win32\debug\qbert.pdb
d:\dae\2020_2021\s4\prog4\gameengine\minigin\githubed\win32\debug\qbert.lib
d:\dae\2020_2021\s4\prog4\gameengine\minigin\githubed\win32\debug\qbert.exp
d:\dae\2020_2021\s4\prog4\gameengine\minigin\githubed\minigin\win32\debug\qbert.tlog\cl.command.1.tlog
d:\dae\2020_2021\s4\prog4\gameengine\minigin\githubed\minigin\win32\debug\qbert.tlog\cl.read.1.tlog
d:\dae\2020_2021\s4\prog4\gameengine\minigin\githubed\minigin\win32\debug\qbert.tlog\cl.write.1.tlog
d:\dae\2020_2021\s4\prog4\gameengine\minigin\githubed\minigin\win32\debug\qbert.tlog\link.command.1.tlog
d:\dae\2020_2021\s4\prog4\gameengine\minigin\githubed\minigin\win32\debug\qbert.tlog\link.read.1.tlog
d:\dae\2020_2021\s4\prog4\gameengine\minigin\githubed\minigin\win32\debug\qbert.tlog\link.write.1.tlog
d:\dae\2020_2021\s4\prog4\gameengine\minigin\githubed\minigin\win32\debug\qbert.tlog\qbert.write.1u.tlog
